<?xml version="1.0" encoding="UTF-8"?>
<!-- Generated by org.testng.reporters.JUnitReportReporter -->
<testsuite hostname="LAPTOP-9F9GKHEN" failures="0" tests="1" name="Campaign.CreateCampaignTest" time="10.053" errors="0" timestamp="2023-02-07T21:06:35 IST" skipped="0">
  <testcase classname="Campaign.CreateCampaignTest" name="createCamp" time="10.053"/>
  <system-out/>
</testsuite> <!-- Campaign.CreateCampaignTest -->
