<?xml version="1.0" encoding="UTF-8"?>
<!-- Generated by org.testng.reporters.JUnitReportReporter -->
<testsuite hostname="LAPTOP-9F9GKHEN" failures="0" tests="1" name="Campaign.CreateCampaignWithProductTest" time="17.188" errors="0" timestamp="2023-02-07T21:06:35 IST" skipped="0">
  <testcase classname="Campaign.CreateCampaignWithProductTest" name="campWithProd" time="17.188"/>
  <system-out/>
</testsuite> <!-- Campaign.CreateCampaignWithProductTest -->
