<?xml version="1.0" encoding="UTF-8"?>
<!-- Generated by org.testng.reporters.JUnitReportReporter -->
<testsuite hostname="LAPTOP-9F9GKHEN" failures="0" tests="1" name="Organization.CreateOrganizationTest" time="11.113" errors="0" timestamp="2023-02-07T21:08:44 IST" skipped="0">
  <testcase classname="Organization.CreateOrganizationTest" name="createOrg" time="11.113"/>
  <system-out/>
</testsuite> <!-- Organization.CreateOrganizationTest -->
